gAAAAABmF5-V_WxX0GFk2P6TFSbSMfrEiX6WeSLbnOezg5cGlw03sxsEDOukYxEZ2-NCjyayQ8zHSCriJhKnpRTB4pVqALpkZYXI3M_zOo4zNtL5uzvsxAyTeMfXhL6IOfULz0NGlonaJlpI0o6aqkbF8YngdLBFuw==
gAAAAABmF6A0YnbElxbT9pyjnQdDzoUYoZtUPv9-WUzcFv1Y0EkSavXeqbNlXDv51sNbjmt5P1xgGyt_p53P218Mb_8SDwaE4QrgI7TOxKaDDOFM3ESM5iG2vAqLXrcqJz7cqT42UDdlHhEJACfY37Z8bbMZsrn-tg==
gAAAAABmF6HLn3CmDCuxdPrqWluC935uSrsYur1zG3O4gdNc4mCDgo9AYdBvdsAGDpIT-Rsa4LaUFivkHfO67VwqkqcTanJtCiJykFthplYK0N2Fwozy_GrICHiJcDdxXy2WD6BOFqjOfKByFOaehm9r8S9rQc5ijw==
gAAAAABmF6JD4uaMBifpTNH2QlmF9WAvnrY3YT9vbmaXFxPQ9CJ3Ztqzq6MwpyvAVyoZxwCYJwesdnfYdDFzd2C19fr8II0DUrKt8lUGWdmd5c4M0C_AilJbA0KTz8MBYMn0UjJyqBXP9zNpHwx8MDV_eUvsMeQ_JA==
gAAAAABmF6JD2cDFg-vCqc5rC6FqVX0boPQHzArhYkqb5p87-YDXS5TRyBFVtSGdLD_4qnLxSWXUjkHEv5ZCWYZGEnEeFu4VblEFGIdb_n6_yKBos5dce9JdEGR0L1e6NSMGA5PXi-0zYkRZ58kUVis7Rc6DlKrImg==
gAAAAABmF6LllDliLmcK26mYsAKuvolM7b8h1aYQ3nc3zNBi30gbph3rfTYQFS3u7JuEYoD6L3-tMlj8SZ-ynYwbOBx-IMq8_obXkYZhpLfo3ekU7CCJ2EV-wZxfJzu3I7bB93KhH5jsgSIgFSZOZ4yKPO3SHI8JHg==
gAAAAABmF6NX8f60LbswoCvWSOrr149Ffk7RXGZ1QUKkutFeCgYO9IIdCv1hgON3OcU1NakDLmFh4Thcg9EWttqKnamCFkECsO1Kt7ef2kv1RC9nOQKVY7RStwaDYCZbgQgwy6mp-uAu677elAH0rDnv8C35C-nRQw==
gAAAAABmF6NhsdO8vHsnWSmpT62e9uB-40d6-qR8m4OKPfw_P9cRLhMN3_VrRt6Tcw8bSqXD0fwJ0w8Np5pg8jl5EnvVWoAnT09bC6Kv6vn5wflkM2M3DUPv5Luu6MpKDnysxLFvD6I2
gAAAAABmF6NrCC4JiTpfaYdTWfQqd3dUlggwBNzjP6puoSVVn2n1BfHJpyeHDVZI8NxERf43V2Nn-AUCmx5TuGOUMczLbmq8zzT9FiM9aJREtxk63ff64mkvMW-ZhZZaw9-JGUg7-ZhveDzmGDLOi6rNrXgFZkBsuw==
gAAAAABmF6OJ5dpVhfkaIYZ6hSEobjgSv5SyRvKWSzD4JsJ9G4qjVGjMXsEug9cKMeL63khZtNYD4qdnzGTw0YhU4zn_-ewYAZcdnRf1GEXqq7gmcoMt_ennGHR9V8DvNXq3x9qowg8c
gAAAAABmF6OVTh4ASllCtOnh2_OE6nTKFW39W8P0Xw5flTsEJbanuIBVAt0zZoOvC_KiPBIBD5Pen6FxVpXsBFhm4bgC4DwKLbeAIANucPQtlVBdKLztsPFi78xkdzYm-He3L3Th83T1dogIKKi46VhTEDoHY-xEEQ==
gAAAAABmF6OcV6omlOENV92zHbElN1T-fE17wgHqsRNgEgCRSo37pC9Vwo1yI5gEe7J7-ySjSzv-M9rCNfdSUcXMMU54iZzKj5jqeLbMe5yCF0zOTuLhroe1FD_ViGSZrWoNhGWPtNVSAglYqVd4EfhgV8DtE4y4xA==
gAAAAABmF6OiY8hahI8D9g8J3uuYmswh7yNEn7M5eJKxOIdS9mU0TX-DChD25QShVgBsZnVZ6RwWG6eUrWsetBUorF0qiQik_dpMk4AiRi7aVch-tP_xUzlj6FiA1GWCvbBCeWlTqJWEZr8X07ndcrFx2D767TUZew==
gAAAAABmF6OpQAhAIUgv3qtA9vjGLf1Ws87lzLvoQetboiiIpAi4Yr265LS7marY9yuYe31i5PE8gFyBPCLK1xZoZlx-XquIG1ySpdItmUvzhN3xVP5tMrt7cl_UmC75lR7LExIKxBUR
gAAAAABmF6Ovcn3uNWiHcizzlNtMZWkkTrZPqRnOMDaNpqn01iC9xTA0O4fAB8H9Ij0ybEg-Z5IMm0UGP3embJctTNjygG1AhHK09D000nazkc5WIwQ8oQTJxX3ImvWy-ANG3syhiUDp
gAAAAABmF6O7UFaC894LEtM90BX4wJsDMZ7Ru0iCUNlSsluk78eS72VMaCygIAVj4A7Jo-9U0HKKnMk7kBOXpWYKfeYX3sPhhRgRdsvWPnRXqJLV06cDs2djtQbo0uB8QE_8-1yDrH73
gAAAAABmF6O93WL7F_Slyp_xk98rWMhFsg-P82Qh1KX8O0xAEUrVTMqFGFuSdwUoEpM_elfqq0C9HqzgZVHh5ed0YamdkI5K5jYIuGQMUS5YqjC7AtxnfGpDA39ruz6BdUY1jWdyjJhZdIQTHhf1DqIs0LxiztQ5Yg==
gAAAAABmF6PEP6khw46nIkz0VHkePM4mZQnwykyXpCpftM5GmrKnsdkudbkKuxfmApn35gTn5lZo3MHBr00on7jY4rhJJ6XfReJuCuYmRLooTgs6u4UYe24BSSL5JcadpoEv5z_5FL05wVgOVxynubP_QhvMTMGBBA==
gAAAAABmF6PJGMSXKskDOihdU8fI9BQIDozutoE1_BqoCushCcXzyBHvhVP1QFVdtN4A2mgOduZRosR0OuFb4PZJ0eSu4DnEKdA7NndOBTZP2Eco5S1_K9P-rFXfh9GzDYi8xSoeCi6N
gAAAAABmF6SzDwHRGGLMm9H9yr9i9lCwk9cTiBPk7fX6ZD5zGbVoWlCi7hDcAeJKmhxSemzLEgM3AywY4rXrF9oiw--oq1xDA983PWHOFHQawE15D6UDQozi6u3QCEm-p10h6cQdSnlzfLn6LMkqIZwOG8QFVt2yzg==
gAAAAABmF6SzlKD39YadTaaL_qnHQ6LPUvk9UKqNJKVWz-aBctmOzenlM3v6EDKeW7BGVTKqZplwNRcGBjBylR3H7YmKMYn7dLuGoJj9O3Y0fDLEvwGuJ0wpIdAAeQEFUGC-xNJPeiMeCjC8RcI-Bbk29QEPmSv2Ng==
gAAAAABmF6S6q3lQ0D1E9D8ScCtL3f7ELu2mwt48AtDbYIce56dbRM2XEAeAsKoEZ6WkZ4cQijgP-p4MCKP068rtYsNLvSLb4951ZNylI9FJsQ2SVSKT7iOZT2lAtJkopwZY2xrsb3NBNLnLILW13ClEzjDYGRZ8CQ==
gAAAAABmF6TGf7c7_mkhn4asCP3Rj7rWLweWQbun7Us2kBEKg5o1s1eULx_L_yTG1n5ZPWx2CCJgV4eNS4XuYZGC27mcyII4YC2tR30jeH0jqT-zNkNChuDbx3JCcLUgUW4QNgw-_W1x8MCahffJuPDYMxd4xGltgg==
gAAAAABmF6TGlUzTj-Xko4MHtIx9uqf78fYiH845W4MYEbpnLhW_xr72ovwD8FOJxGDvv9CUysMo6aOjkvnsXnxuOI_Rs2J_m_fraGs4L98tLUhY-ui-7nfN1SdJ1-dEi-PmWc_9xpJC_0K-yXmpN2D3deKgK6g1Yw==
gAAAAABmF6TKZIFJf9g_gjNhvJX924kariI8v5QIgUj87fIzVU5B3ByVZrHo7BHEOtaaG4wJsS_RHbu3TzRMIltInNZVCWPVtCvjenHqlkmkIUZRmqczZvscVy9BNyViuP8UgVFQo2VWtLlvr_Ed3Xby-xaAYGE2xA==
gAAAAABmF6TMQZJhfCKWWDuSUZbctfNFeTkEAW92yw0-tdO7iQxzNLRulY920FBZeiWCgGKGLARtkTgOsVs27guF_ieJcoIuaPCfGuc0Ii3zeRcOA4SpYTiT3jsC-57AjAL4CeSjd7D26kd2ZP9VDsFwMu6ZspAHCA==
