gAAAAABmFYy5elfkTGXlHxv2_Cw3dxrNfNoiBOJx-boRNiz6F7EO8kIPMo6JZSQPBkANelTXUHEh3mcjgzjxaEbfYZEOgxJjXvp_DP-hUGtIZBC87QKyNPm379ZJPm-yEBpy07i-HVsZC7CySP4xdGmKGnq3wwluFw==
gAAAAABmFYy5LdgqwPZ0uDLd0FUau39CrBodkh9O3uBrW-MlsClGuo-oVcAqHJ9oODnNJa92pui0cjnBOnin62lE6YqLgJhl2g3Vwn4qQpp5LznPknRptcMD_xd0AD6Vmuq4c8ByHVDzqW2SJz0rH6pxeoV-nEeZ9Q==
gAAAAABmFxuf821zU_xcBaboqsPG9L7qgvGfKF6srf0mVMsqwf27tenOMQJRmOgRVNpd7Tt0cn2OQN3VP_SWK9RiQJjlrZJF-SqkI-k-UsLI0VXvYS7k2RLAcZ_RrFxM3dSXDCHfCguOVawtIPigptPwwtkffeORpw==
gAAAAABmFxuf26iD4OFd1lDpBJFOf3MfOhHJP4SYo1JWIfZH2298r_AK0r4CGZA1E63eK1tfMYZ9pe2BPKtf-o3L2k3ePvAxsv77F5G6ygS0laq_5OuOVcDsb5P0PiR21BjFvlztuw4L
gAAAAABmFxuuxb4WE0nrhPv5ifYDbW84qefLLfusTKAzeMfffZgYwZoI2NZwTAkfV1qjqOf_MiWzlHgA6Csvuo-C0qqKOv4vszh6Tk0VjwNvxtAhkY9XC7DlI9_PwCvhqyukmXpUR5SEaBxKDf26BSTQeu3CVa7y0Q==
gAAAAABmFxuuN8o2QDw7MaQ6-QXtMnbo_UgswOSWSCRdAgmAYi-00anaJku-PGusiDOiuG6eluETg_wEFJo8UbS-rSnPN8dTiEz8fjloiA8zRxfiIedIkhsKAGE1wx0HPfGcYqZcAeBQe0vYkUvYM7ugZCf7oNExrg==
gAAAAABmFxu8XSjXCyLbkuy7zGywwQBl9dG8LGVufO80WxGYT0Ng0UIDldE2PqHzufRKlUQ5BF0CEguJ6XemGay7D9Ioy32AMh4fwS-8lxZXa15iYSPifaIRtyFrmPtE-xFykiSWVLEw
gAAAAABmFxwAFnZAtTzDPhAuhTLUkqOIYh4H6AS3DBv_pUxD26jUXCgKW8u0PH71RRX5mPDY68BAfoAWNQT7RVmgK5joRqzzVfBee9I5xFV6StFJmcD-y4BhXeua2_P7soXCPUf3hqmfKT9d1SawEtXweud5sG51cQ==
gAAAAABmFxwoHVmLPSiEPvFVBXRJB_FXq7MCyzaT3rKbGxuoLNYwDwFU7VNowg9kIGsnlKD8E3MsSWDLQz7aaLAcPd-WCh6zbFdV11crIKhen-BEDG3vv67ldBoTYml2KB9I0axvoDc4VREdYVCna2EcQornw4Q5UQ==
gAAAAABmFxwo0G7Tsh_aCaFhXXjGmbyjlloEBPB5PTBlyir0iyOe8BkzjoQ5PWAQYUyKS_ZjW15cEtnwtgAczwjKGuA7jU5pDPjcewIPmJrGpT-ZeMLWJIxJaJA9vyNMcOHrf-nKHYRBvMygAPm78IHr8xYXpbfcng==
gAAAAABmFxwvAwNo2vj5N-YcsMD7CEgunHCJyjQnb9A269EdD_sqSxNJ69UmoTn9UyYs-dEE5kw77_VbKbbCyfF7X7VcccxKuomosdl5TrKx_qy33mVBqNl8LJ1nqj0TtNFccDXxa47lnVP492OIAAwoHFwyY2u6eQ==
gAAAAABmFxw5QNxqc7ydI427uUcoGVzcgAMftZtNLlaDkOChsLLl96GR0mTZP6cOxVx1slXU0gWcGchTt_BTki0d3Vrrggt7cJhK7KYD8RcHFKDrqvg6dILAzWxDPAoMEWJELq-FRnI1OCLxvlG5B5yesAurTMjcvQ==
gAAAAABmFxxA4OdOc7Mep9QLu7-ZxwfoUt93RnobSw5GTzy0rwjzoA50Yx-t8zlcynHOBpNUJHTGAJiBYR7MO8Rg1wLybUOeCUElcFg4wpSxSJZRJ_jAGh6MFPvSnJAbzhM-dEI59jzIm9QxgEqBTUCCGviS8NtIJQ==
gAAAAABmFxz1LLI_GtwFm6SEPAB_wJK_qsok-Yky7A1pG7jMz4JZIw4bMGYPBOleqCTen5hHQETZd7B3n4DI7OnHUCY6oX6aTI1uxrtwoD-yW8hmk6cL8JbFSOhLOm_k93GXYPG_2DBxGV2UJBCqBfb-dLxqNFg_DA==
gAAAAABmFxz1fpIdX9z5UjGcsqmfiJrfm2jDYWVLMHvdGR61MaBw-AunncNyY5dvhySbi5Q3VzWh2JO-6K2fKrSqSBQQh-HxpzVA4GNebCCUiM1mlwHjzzuRPc3pkYDMr_y_FsprEa794GIufWqmtpYV8C9fYwnBlg==
gAAAAABmFxz90cpGWhxQthTJTDtxdQbSSczDOq0ECAlIrFFzVzj8QPTZ0r3VKPO8kkVhA2QgLpcvmbiuFMJ6kaXQMJbJ2rS0a7oPr594E7OTTpcHHlQXOBPcx1Wgw362dOzOoMyLQztsnO3UCexdy7_WRZwL7b95OA==
gAAAAABmFx0I1Vcqpyr7CTirJHeFJGnrwWZE6CRDxa2yl3MliwZ8fSq08O8nALKclyDCSAeSdIbXxPoStP4MXj-zdlB4uNnEx95XCntBAnhFw_2VDa8-HtX3b0Cv9Os-AQm4nlcv16x4QeWYdKOXvnxcqxXaGar59AclMwmvOnSl1_bmPtZtmU0=
gAAAAABmFx0PsWcCjc633ep9DE3xkcjV9X2zLtczG8GMnn5YRZ80PBx5WX4Z5xyEp2O1bNr_y16bsDWoUj_cO32A4OYBXu1asUYr5YJW_cED6dNDuSjeMMF_coWKMeGfIFXbQWn9V6LXX4hh2HFoE-e8pwdXn8ekOQ==
gAAAAABmFx0v1zvF6k9nXHU2pwKCE92vXoN_lu6mtTY7bmZQhUCgRqWbabi9zaSuRP3jE_o2VyNok93Y7YQ2QLdSf0pd02iqvPw90gzmJME1bK1yYjZk3_x7rLnZICshT8Zm0TrBCgdvePVkXmvYgwxZmIghAWxhlQ==
gAAAAABmFx03gh2qC4pITzTsCg0iAwHNwgAZLc35GfsjrkC7khuVni7NEvyp6yqPN9MvgO2vKak38ygQnM59UXNBdxXcRQGOSrf_Ct8mtxRMNpxFdLoO1rHpOT2a7c8gQh45RWLs1aKTR6VRpE_RHsMhrXa1m79z0g==
gAAAAABmFx09H2zmygbq0_4Tnwkm_-DjKbkXmQk-1D_rpMsfnZ59qhv05M4g-yLX-BQs2E4xsQy3qDq7Q-E55HorAbI4B0SLO2QvD9zLKstEV6mEkddWABOFwd_Qj0biIl7aoqSDonjyiFe1FmfRvvwNB1l_MLj7cg==
gAAAAABmFx1Oxp0GeYtCVHGnffoEWLEZ_eO1ONufnE2Y-Mhj-ROmvy9rORl89tjuNak3v3M2Gc2SAjgCoVndTKYaoqm3ochjlYyUZa9YLirZQSNjRCH82sONRp2m-BgYU7jW7AU5B5PgF598Igczq8jXp7Sxgg5dCw==
gAAAAABmFx1VAGtadW47J5Ch683AtDWfcNTzpUJSV_Fk8ibu5AmDuL-gqx2uCyvIRJbNu8LqYudKHRzyOoQpjV5ZTUCCGhT5Ff4LkRd0IQMZ5X_Xd3segRaGWuYmdnnFQqLkroXn-C_B7LAullorwtHX9LPEgak7Dw==
